{"/Users/bprajapati/workspace/react-redux-node-auth-starter/client/src/app.component.jsx": {"path":"/Users/bprajapati/workspace/react-redux-node-auth-starter/client/src/app.component.jsx","statementMap":{"0":{"start":{"line":1,"column":13},"end":{"line":1,"column":75}},"1":{"start":{"line":1,"column":94},"end":{"line":1,"column":182}},"2":{"start":{"line":1,"column":196},"end":{"line":1,"column":212}},"3":{"start":{"line":1,"column":227},"end":{"line":1,"column":257}},"4":{"start":{"line":2,"column":22},"end":{"line":2,"column":49}},"5":{"start":{"line":3,"column":13},"end":{"line":3,"column":29}},"6":{"start":{"line":4,"column":23},"end":{"line":4,"column":74}},"7":{"start":{"line":5,"column":18},"end":{"line":5,"column":40}},"8":{"start":{"line":6,"column":18},"end":{"line":6,"column":40}},"9":{"start":{"line":6,"column":60},"end":{"line":6,"column":95}},"10":{"start":{"line":7,"column":19},"end":{"line":7,"column":42}},"11":{"start":{"line":8,"column":16},"end":{"line":8,"column":37}},"12":{"start":{"line":8,"column":55},"end":{"line":8,"column":88}},"13":{"start":{"line":9,"column":17},"end":{"line":9,"column":60}},"14":{"start":{"line":9,"column":79},"end":{"line":9,"column":113}},"15":{"start":{"line":10,"column":18},"end":{"line":10,"column":63}},"16":{"start":{"line":10,"column":83},"end":{"line":10,"column":118}},"17":{"start":{"line":11,"column":17},"end":{"line":11,"column":60}},"18":{"start":{"line":11,"column":79},"end":{"line":11,"column":113}},"19":{"start":{"line":11,"column":152},"end":{"line":11,"column":206}},"20":{"start":{"line":11,"column":207},"end":{"line":35,"column":2}},"21":{"start":{"line":14,"column":22},"end":{"line":14,"column":44}},"22":{"start":{"line":17,"column":2},"end":{"line":20,"column":3}},"23":{"start":{"line":22,"column":16},"end":{"line":22,"column":147}},"24":{"start":{"line":24,"column":2},"end":{"line":30,"column":194}},"25":{"start":{"line":28,"column":103},"end":{"line":28,"column":253}}},"fnMap":{"0":{"name":"_interopRequireDefault","decl":{"start":{"line":11,"column":123},"end":{"line":11,"column":145}},"loc":{"start":{"line":11,"column":151},"end":{"line":11,"column":207}},"line":11},"1":{"name":"(anonymous_1)","decl":{"start":{"line":13,"column":0},"end":{"line":13,"column":1}},"loc":{"start":{"line":13,"column":6},"end":{"line":35,"column":1}},"line":13},"2":{"name":"(anonymous_2)","decl":{"start":{"line":28,"column":97},"end":{"line":28,"column":98}},"loc":{"start":{"line":28,"column":103},"end":{"line":28,"column":253}},"line":28}},"branchMap":{"0":{"loc":{"start":{"line":11,"column":159},"end":{"line":11,"column":205}},"type":"cond-expr","locations":[{"start":{"line":11,"column":183},"end":{"line":11,"column":186}},{"start":{"line":11,"column":189},"end":{"line":11,"column":205}}],"line":11},"1":{"loc":{"start":{"line":11,"column":159},"end":{"line":11,"column":180}},"type":"binary-expr","locations":[{"start":{"line":11,"column":159},"end":{"line":11,"column":162}},{"start":{"line":11,"column":166},"end":{"line":11,"column":180}}],"line":11},"2":{"loc":{"start":{"line":17,"column":2},"end":{"line":20,"column":3}},"type":"if","locations":[{"start":{"line":17,"column":2},"end":{"line":20,"column":3}}],"line":17}},"s":{"0":0,"1":0,"2":0,"3":0,"4":0,"5":0,"6":0,"7":0,"8":0,"9":0,"10":0,"11":0,"12":0,"13":0,"14":0,"15":0,"16":0,"17":0,"18":0,"19":0,"20":0,"21":0,"22":0,"23":0,"24":0,"25":0},"f":{"0":0,"1":0,"2":0},"b":{"0":[0,0],"1":[0,0],"2":[0]}}
,"/Users/bprajapati/workspace/react-redux-node-auth-starter/client/src/setupTests.jsx": {"path":"/Users/bprajapati/workspace/react-redux-node-auth-starter/client/src/setupTests.jsx","statementMap":{"0":{"start":{"line":10,"column":22},"end":{"line":10,"column":61}},"1":{"start":{"line":11,"column":18},"end":{"line":11,"column":51}},"2":{"start":{"line":13,"column":0},"end":{"line":13,"column":38}},"3":{"start":{"line":16,"column":16},"end":{"line":16,"column":25}},"4":{"start":{"line":17,"column":16},"end":{"line":17,"column":36}},"5":{"start":{"line":18,"column":2},"end":{"line":18,"column":57}},"6":{"start":{"line":22,"column":16},"end":{"line":22,"column":25}},"7":{"start":{"line":23,"column":2},"end":{"line":23,"column":52}},"8":{"start":{"line":26,"column":0},"end":{"line":26,"column":25}},"9":{"start":{"line":27,"column":0},"end":{"line":27,"column":21}},"10":{"start":{"line":28,"column":0},"end":{"line":28,"column":23}}},"fnMap":{"0":{"name":"connectSetup","decl":{"start":{"line":15,"column":16},"end":{"line":15,"column":28}},"loc":{"start":{"line":15,"column":62},"end":{"line":19,"column":1}},"line":15},"1":{"name":"setup","decl":{"start":{"line":21,"column":16},"end":{"line":21,"column":21}},"loc":{"start":{"line":21,"column":58},"end":{"line":24,"column":1}},"line":21}},"branchMap":{"0":{"loc":{"start":{"line":21,"column":44},"end":{"line":21,"column":56}},"type":"default-arg","locations":[{"start":{"line":21,"column":54},"end":{"line":21,"column":56}}],"line":21}},"s":{"0":1,"1":1,"2":1,"3":0,"4":0,"5":0,"6":0,"7":0,"8":1,"9":1,"10":1},"f":{"0":0,"1":0},"b":{"0":[0]},"_coverageSchema":"332fd63041d2c1bcb487cc26dd0d5f7d97098a6c","hash":"03640792fda3af498fc5d116024338fb77f1f680"}
,"/Users/bprajapati/workspace/react-redux-node-auth-starter/client/src/actionCreators/pageActionCreator.js": {"path":"/Users/bprajapati/workspace/react-redux-node-auth-starter/client/src/actionCreators/pageActionCreator.js","statementMap":{"0":{"start":{"line":3,"column":21},"end":{"line":12,"column":1}},"1":{"start":{"line":4,"column":2},"end":{"line":11,"column":4}},"2":{"start":{"line":5,"column":4},"end":{"line":5,"column":27}},"3":{"start":{"line":8,"column":4},"end":{"line":10,"column":13}},"4":{"start":{"line":9,"column":6},"end":{"line":9,"column":36}},"5":{"start":{"line":14,"column":27},"end":{"line":18,"column":1}},"6":{"start":{"line":15,"column":2},"end":{"line":17,"column":4}},"7":{"start":{"line":16,"column":4},"end":{"line":16,"column":33}},"8":{"start":{"line":20,"column":22},"end":{"line":29,"column":1}},"9":{"start":{"line":21,"column":2},"end":{"line":28,"column":4}},"10":{"start":{"line":22,"column":4},"end":{"line":22,"column":28}},"11":{"start":{"line":25,"column":4},"end":{"line":27,"column":13}},"12":{"start":{"line":26,"column":6},"end":{"line":26,"column":37}},"13":{"start":{"line":31,"column":28},"end":{"line":35,"column":1}},"14":{"start":{"line":32,"column":2},"end":{"line":34,"column":4}},"15":{"start":{"line":33,"column":4},"end":{"line":33,"column":34}}},"fnMap":{"0":{"name":"(anonymous_0)","decl":{"start":{"line":3,"column":21},"end":{"line":3,"column":22}},"loc":{"start":{"line":3,"column":27},"end":{"line":12,"column":1}},"line":3},"1":{"name":"(anonymous_1)","decl":{"start":{"line":4,"column":9},"end":{"line":4,"column":10}},"loc":{"start":{"line":4,"column":23},"end":{"line":11,"column":3}},"line":4},"2":{"name":"(anonymous_2)","decl":{"start":{"line":8,"column":15},"end":{"line":8,"column":16}},"loc":{"start":{"line":8,"column":21},"end":{"line":10,"column":5}},"line":8},"3":{"name":"(anonymous_3)","decl":{"start":{"line":14,"column":27},"end":{"line":14,"column":28}},"loc":{"start":{"line":14,"column":33},"end":{"line":18,"column":1}},"line":14},"4":{"name":"(anonymous_4)","decl":{"start":{"line":15,"column":9},"end":{"line":15,"column":10}},"loc":{"start":{"line":15,"column":23},"end":{"line":17,"column":3}},"line":15},"5":{"name":"(anonymous_5)","decl":{"start":{"line":20,"column":22},"end":{"line":20,"column":23}},"loc":{"start":{"line":20,"column":28},"end":{"line":29,"column":1}},"line":20},"6":{"name":"(anonymous_6)","decl":{"start":{"line":21,"column":9},"end":{"line":21,"column":10}},"loc":{"start":{"line":21,"column":23},"end":{"line":28,"column":3}},"line":21},"7":{"name":"(anonymous_7)","decl":{"start":{"line":25,"column":15},"end":{"line":25,"column":16}},"loc":{"start":{"line":25,"column":21},"end":{"line":27,"column":5}},"line":25},"8":{"name":"(anonymous_8)","decl":{"start":{"line":31,"column":28},"end":{"line":31,"column":29}},"loc":{"start":{"line":31,"column":34},"end":{"line":35,"column":1}},"line":31},"9":{"name":"(anonymous_9)","decl":{"start":{"line":32,"column":9},"end":{"line":32,"column":10}},"loc":{"start":{"line":32,"column":23},"end":{"line":34,"column":3}},"line":32}},"branchMap":{},"s":{"0":2,"1":0,"2":0,"3":0,"4":0,"5":2,"6":0,"7":0,"8":2,"9":0,"10":0,"11":0,"12":0,"13":2,"14":0,"15":0},"f":{"0":0,"1":0,"2":0,"3":0,"4":0,"5":0,"6":0,"7":0,"8":0,"9":0},"b":{},"_coverageSchema":"332fd63041d2c1bcb487cc26dd0d5f7d97098a6c","hash":"53550a5ea86c37189b7a410c8881b04c69c9ea22"}
,"/Users/bprajapati/workspace/react-redux-node-auth-starter/client/src/actions/page.js": {"path":"/Users/bprajapati/workspace/react-redux-node-auth-starter/client/src/actions/page.js","statementMap":{"0":{"start":{"line":3,"column":21},"end":{"line":5,"column":1}},"1":{"start":{"line":4,"column":2},"end":{"line":4,"column":26}},"2":{"start":{"line":7,"column":28},"end":{"line":9,"column":1}},"3":{"start":{"line":8,"column":2},"end":{"line":8,"column":34}},"4":{"start":{"line":11,"column":27},"end":{"line":13,"column":1}},"5":{"start":{"line":12,"column":2},"end":{"line":12,"column":31}},"6":{"start":{"line":15,"column":22},"end":{"line":17,"column":1}},"7":{"start":{"line":16,"column":2},"end":{"line":16,"column":27}},"8":{"start":{"line":19,"column":29},"end":{"line":21,"column":1}},"9":{"start":{"line":20,"column":2},"end":{"line":20,"column":35}},"10":{"start":{"line":23,"column":28},"end":{"line":25,"column":1}},"11":{"start":{"line":24,"column":2},"end":{"line":24,"column":32}}},"fnMap":{"0":{"name":"(anonymous_0)","decl":{"start":{"line":3,"column":21},"end":{"line":3,"column":22}},"loc":{"start":{"line":3,"column":27},"end":{"line":5,"column":1}},"line":3},"1":{"name":"(anonymous_1)","decl":{"start":{"line":7,"column":28},"end":{"line":7,"column":29}},"loc":{"start":{"line":7,"column":34},"end":{"line":9,"column":1}},"line":7},"2":{"name":"(anonymous_2)","decl":{"start":{"line":11,"column":27},"end":{"line":11,"column":28}},"loc":{"start":{"line":11,"column":33},"end":{"line":13,"column":1}},"line":11},"3":{"name":"(anonymous_3)","decl":{"start":{"line":15,"column":22},"end":{"line":15,"column":23}},"loc":{"start":{"line":15,"column":28},"end":{"line":17,"column":1}},"line":15},"4":{"name":"(anonymous_4)","decl":{"start":{"line":19,"column":29},"end":{"line":19,"column":30}},"loc":{"start":{"line":19,"column":35},"end":{"line":21,"column":1}},"line":19},"5":{"name":"(anonymous_5)","decl":{"start":{"line":23,"column":28},"end":{"line":23,"column":29}},"loc":{"start":{"line":23,"column":34},"end":{"line":25,"column":1}},"line":23}},"branchMap":{},"s":{"0":2,"1":0,"2":2,"3":0,"4":2,"5":0,"6":2,"7":0,"8":2,"9":0,"10":2,"11":0},"f":{"0":0,"1":0,"2":0,"3":0,"4":0,"5":0},"b":{},"_coverageSchema":"332fd63041d2c1bcb487cc26dd0d5f7d97098a6c","hash":"bb9f933b6ba29600c2b993e6e2e0c19a63ff8d02"}
,"/Users/bprajapati/workspace/react-redux-node-auth-starter/client/src/components/AuthRoute/AuthRoute.jsx": {"path":"/Users/bprajapati/workspace/react-redux-node-auth-starter/client/src/components/AuthRoute/AuthRoute.jsx","statementMap":{"0":{"start":{"line":7,"column":18},"end":{"line":12,"column":1}},"1":{"start":{"line":8,"column":2},"end":{"line":11,"column":4}},"2":{"start":{"line":10,"column":22},"end":{"line":10,"column":123}},"3":{"start":{"line":15,"column":2},"end":{"line":17,"column":4}},"4":{"start":{"line":20,"column":0},"end":{"line":23,"column":2}},"5":{"start":{"line":25,"column":0},"end":{"line":27,"column":2}}},"fnMap":{"0":{"name":"(anonymous_0)","decl":{"start":{"line":7,"column":18},"end":{"line":7,"column":19}},"loc":{"start":{"line":8,"column":2},"end":{"line":11,"column":4}},"line":8},"1":{"name":"(anonymous_1)","decl":{"start":{"line":10,"column":12},"end":{"line":10,"column":13}},"loc":{"start":{"line":10,"column":22},"end":{"line":10,"column":123}},"line":10},"2":{"name":"mapStateToProps","decl":{"start":{"line":14,"column":9},"end":{"line":14,"column":24}},"loc":{"start":{"line":14,"column":32},"end":{"line":18,"column":1}},"line":14}},"branchMap":{"0":{"loc":{"start":{"line":10,"column":22},"end":{"line":10,"column":123}},"type":"cond-expr","locations":[{"start":{"line":10,"column":55},"end":{"line":10,"column":79}},{"start":{"line":10,"column":82},"end":{"line":10,"column":123}}],"line":10}},"s":{"0":1,"1":0,"2":0,"3":0,"4":1,"5":1},"f":{"0":0,"1":0,"2":0},"b":{"0":[0,0]},"_coverageSchema":"332fd63041d2c1bcb487cc26dd0d5f7d97098a6c","hash":"ea1f4c091900d2ec013e2b802ddcbfbadf2b562d"}
,"/Users/bprajapati/workspace/react-redux-node-auth-starter/client/src/components/Dashboard/Dashboard.jsx": {"path":"/Users/bprajapati/workspace/react-redux-node-auth-starter/client/src/components/Dashboard/Dashboard.jsx","statementMap":{"0":{"start":{"line":11,"column":4},"end":{"line":18,"column":6}},"1":{"start":{"line":22,"column":0},"end":{"line":24,"column":2}},"2":{"start":{"line":26,"column":24},"end":{"line":30,"column":1}},"3":{"start":{"line":27,"column":2},"end":{"line":29,"column":4}},"4":{"start":{"line":32,"column":27},"end":{"line":36,"column":1}},"5":{"start":{"line":33,"column":2},"end":{"line":35,"column":15}},"6":{"start":{"line":38,"column":18},"end":{"line":41,"column":22}}},"fnMap":{"0":{"name":"(anonymous_0)","decl":{"start":{"line":10,"column":2},"end":{"line":10,"column":3}},"loc":{"start":{"line":10,"column":11},"end":{"line":19,"column":3}},"line":10},"1":{"name":"(anonymous_1)","decl":{"start":{"line":26,"column":24},"end":{"line":26,"column":25}},"loc":{"start":{"line":26,"column":35},"end":{"line":30,"column":1}},"line":26},"2":{"name":"(anonymous_2)","decl":{"start":{"line":32,"column":27},"end":{"line":32,"column":28}},"loc":{"start":{"line":32,"column":41},"end":{"line":36,"column":1}},"line":32}},"branchMap":{},"s":{"0":0,"1":1,"2":1,"3":0,"4":1,"5":0,"6":1},"f":{"0":0,"1":0,"2":0},"b":{},"_coverageSchema":"332fd63041d2c1bcb487cc26dd0d5f7d97098a6c","hash":"03f5d2614aefe33e5bedf20381c6399ee7e6601c"}
,"/Users/bprajapati/workspace/react-redux-node-auth-starter/client/src/components/SignInPage/SignInPage.jsx": {"path":"/Users/bprajapati/workspace/react-redux-node-auth-starter/client/src/components/SignInPage/SignInPage.jsx","statementMap":{"0":{"start":{"line":11,"column":4},"end":{"line":11,"column":64}},"1":{"start":{"line":12,"column":4},"end":{"line":14,"column":5}},"2":{"start":{"line":13,"column":6},"end":{"line":13,"column":35}},"3":{"start":{"line":18,"column":4},"end":{"line":25,"column":6}},"4":{"start":{"line":29,"column":0},"end":{"line":33,"column":2}},"5":{"start":{"line":35,"column":0},"end":{"line":38,"column":2}},"6":{"start":{"line":40,"column":24},"end":{"line":44,"column":1}},"7":{"start":{"line":41,"column":2},"end":{"line":43,"column":4}},"8":{"start":{"line":46,"column":27},"end":{"line":50,"column":1}},"9":{"start":{"line":47,"column":2},"end":{"line":49,"column":15}},"10":{"start":{"line":52,"column":19},"end":{"line":55,"column":23}}},"fnMap":{"0":{"name":"(anonymous_0)","decl":{"start":{"line":10,"column":2},"end":{"line":10,"column":3}},"loc":{"start":{"line":10,"column":23},"end":{"line":15,"column":3}},"line":10},"1":{"name":"(anonymous_1)","decl":{"start":{"line":17,"column":2},"end":{"line":17,"column":3}},"loc":{"start":{"line":17,"column":11},"end":{"line":26,"column":3}},"line":17},"2":{"name":"(anonymous_2)","decl":{"start":{"line":40,"column":24},"end":{"line":40,"column":25}},"loc":{"start":{"line":40,"column":35},"end":{"line":44,"column":1}},"line":40},"3":{"name":"(anonymous_3)","decl":{"start":{"line":46,"column":27},"end":{"line":46,"column":28}},"loc":{"start":{"line":46,"column":41},"end":{"line":50,"column":1}},"line":46}},"branchMap":{"0":{"loc":{"start":{"line":12,"column":4},"end":{"line":14,"column":5}},"type":"if","locations":[{"start":{"line":12,"column":4},"end":{"line":14,"column":5}},{"start":{"line":12,"column":4},"end":{"line":14,"column":5}}],"line":12}},"s":{"0":0,"1":0,"2":0,"3":0,"4":1,"5":1,"6":1,"7":0,"8":1,"9":0,"10":1},"f":{"0":0,"1":0,"2":0,"3":0},"b":{"0":[0,0]},"_coverageSchema":"332fd63041d2c1bcb487cc26dd0d5f7d97098a6c","hash":"1675a83fa21f1b821c51692c76322f6732f9d411"}
,"/Users/bprajapati/workspace/react-redux-node-auth-starter/client/src/reducers/index.js": {"path":"/Users/bprajapati/workspace/react-redux-node-auth-starter/client/src/reducers/index.js","statementMap":{"0":{"start":{"line":1,"column":13},"end":{"line":1,"column":75}},"1":{"start":{"line":1,"column":88},"end":{"line":1,"column":104}},"2":{"start":{"line":2,"column":12},"end":{"line":2,"column":29}},"3":{"start":{"line":2,"column":43},"end":{"line":2,"column":72}},"4":{"start":{"line":2,"column":111},"end":{"line":2,"column":165}},"5":{"start":{"line":2,"column":166},"end":{"line":5,"column":26}}},"fnMap":{"0":{"name":"_interopRequireDefault","decl":{"start":{"line":2,"column":82},"end":{"line":2,"column":104}},"loc":{"start":{"line":2,"column":110},"end":{"line":2,"column":166}},"line":2}},"branchMap":{"0":{"loc":{"start":{"line":2,"column":118},"end":{"line":2,"column":164}},"type":"cond-expr","locations":[{"start":{"line":2,"column":142},"end":{"line":2,"column":145}},{"start":{"line":2,"column":148},"end":{"line":2,"column":164}}],"line":2},"1":{"loc":{"start":{"line":2,"column":118},"end":{"line":2,"column":139}},"type":"binary-expr","locations":[{"start":{"line":2,"column":118},"end":{"line":2,"column":121}},{"start":{"line":2,"column":125},"end":{"line":2,"column":139}}],"line":2}},"s":{"0":0,"1":0,"2":0,"3":0,"4":0,"5":0},"f":{"0":0},"b":{"0":[0,0],"1":[0,0]}}
,"/Users/bprajapati/workspace/react-redux-node-auth-starter/client/src/reducers/page.js": {"path":"/Users/bprajapati/workspace/react-redux-node-auth-starter/client/src/reducers/page.js","statementMap":{"0":{"start":{"line":1,"column":13},"end":{"line":1,"column":75}},"1":{"start":{"line":1,"column":92},"end":{"line":1,"column":121}},"2":{"start":{"line":1,"column":122},"end":{"line":20,"column":2}},"3":{"start":{"line":4,"column":2},"end":{"line":18,"column":20}},"4":{"start":{"line":6,"column":6},"end":{"line":6,"column":102}},"5":{"start":{"line":8,"column":6},"end":{"line":8,"column":105}},"6":{"start":{"line":10,"column":6},"end":{"line":10,"column":104}},"7":{"start":{"line":12,"column":6},"end":{"line":12,"column":103}},"8":{"start":{"line":14,"column":6},"end":{"line":14,"column":106}},"9":{"start":{"line":16,"column":6},"end":{"line":16,"column":105}},"10":{"start":{"line":18,"column":6},"end":{"line":18,"column":19}}},"fnMap":{"0":{"name":"(anonymous_0)","decl":{"start":{"line":3,"column":0},"end":{"line":3,"column":1}},"loc":{"start":{"line":3,"column":39},"end":{"line":20,"column":1}},"line":3}},"branchMap":{"0":{"loc":{"start":{"line":3,"column":1},"end":{"line":3,"column":26}},"type":"default-arg","locations":[{"start":{"line":3,"column":9},"end":{"line":3,"column":26}}],"line":3},"1":{"loc":{"start":{"line":4,"column":2},"end":{"line":18,"column":20}},"type":"switch","locations":[{"start":{"line":5,"column":4},"end":{"line":6,"column":102}},{"start":{"line":7,"column":4},"end":{"line":8,"column":105}},{"start":{"line":9,"column":4},"end":{"line":10,"column":104}},{"start":{"line":11,"column":4},"end":{"line":12,"column":103}},{"start":{"line":13,"column":4},"end":{"line":14,"column":106}},{"start":{"line":15,"column":4},"end":{"line":16,"column":105}},{"start":{"line":17,"column":4},"end":{"line":18,"column":19}}],"line":4}},"s":{"0":0,"1":0,"2":0,"3":0,"4":0,"5":0,"6":0,"7":0,"8":0,"9":0,"10":0},"f":{"0":0},"b":{"0":[0],"1":[0,0,0,0,0,0,0]}}
,"/Users/bprajapati/workspace/react-redux-node-auth-starter/client/src/utils/constants.js": {"path":"/Users/bprajapati/workspace/react-redux-node-auth-starter/client/src/utils/constants.js","statementMap":{"0":{"start":{"line":1,"column":22},"end":{"line":1,"column":30}},"1":{"start":{"line":2,"column":30},"end":{"line":2,"column":46}},"2":{"start":{"line":3,"column":27},"end":{"line":3,"column":40}},"3":{"start":{"line":4,"column":23},"end":{"line":4,"column":32}},"4":{"start":{"line":5,"column":31},"end":{"line":5,"column":48}},"5":{"start":{"line":6,"column":28},"end":{"line":6,"column":42}}},"fnMap":{},"branchMap":{},"s":{"0":2,"1":2,"2":2,"3":2,"4":2,"5":2},"f":{},"b":{},"_coverageSchema":"332fd63041d2c1bcb487cc26dd0d5f7d97098a6c","hash":"3c4f01d7f453028cbff467ba285995308296402a"}
}
