TN:
SF:/Users/bprajapati/workspace/react-redux-node-auth-starter/client/src/app.component.jsx
FN:11,_interopRequireDefault
FN:13,(anonymous_1)
FN:28,(anonymous_2)
FNF:3
FNH:0
FNDA:0,_interopRequireDefault
FNDA:0,(anonymous_1)
FNDA:0,(anonymous_2)
DA:1,0
DA:2,0
DA:3,0
DA:4,0
DA:5,0
DA:6,0
DA:7,0
DA:8,0
DA:9,0
DA:10,0
DA:11,0
DA:14,0
DA:17,0
DA:22,0
DA:24,0
DA:28,0
LF:16
LH:0
BRDA:11,0,0,0
BRDA:11,0,1,0
BRDA:11,1,0,0
BRDA:11,1,1,0
BRDA:17,2,0,0
BRF:5
BRH:0
end_of_record
TN:
SF:/Users/bprajapati/workspace/react-redux-node-auth-starter/client/src/setupTests.jsx
FN:15,connectSetup
FN:21,setup
FNF:2
FNH:0
FNDA:0,connectSetup
FNDA:0,setup
DA:10,1
DA:11,1
DA:13,1
DA:16,0
DA:17,0
DA:18,0
DA:22,0
DA:23,0
DA:26,1
DA:27,1
DA:28,1
LF:11
LH:6
BRDA:21,0,0,0
BRF:1
BRH:0
end_of_record
TN:
SF:/Users/bprajapati/workspace/react-redux-node-auth-starter/client/src/actionCreators/pageActionCreator.js
FN:3,(anonymous_0)
FN:4,(anonymous_1)
FN:8,(anonymous_2)
FN:14,(anonymous_3)
FN:15,(anonymous_4)
FN:20,(anonymous_5)
FN:21,(anonymous_6)
FN:25,(anonymous_7)
FN:31,(anonymous_8)
FN:32,(anonymous_9)
FNF:10
FNH:0
FNDA:0,(anonymous_0)
FNDA:0,(anonymous_1)
FNDA:0,(anonymous_2)
FNDA:0,(anonymous_3)
FNDA:0,(anonymous_4)
FNDA:0,(anonymous_5)
FNDA:0,(anonymous_6)
FNDA:0,(anonymous_7)
FNDA:0,(anonymous_8)
FNDA:0,(anonymous_9)
DA:3,2
DA:4,0
DA:5,0
DA:8,0
DA:9,0
DA:14,2
DA:15,0
DA:16,0
DA:20,2
DA:21,0
DA:22,0
DA:25,0
DA:26,0
DA:31,2
DA:32,0
DA:33,0
LF:16
LH:4
BRF:0
BRH:0
end_of_record
TN:
SF:/Users/bprajapati/workspace/react-redux-node-auth-starter/client/src/actions/page.js
FN:3,(anonymous_0)
FN:7,(anonymous_1)
FN:11,(anonymous_2)
FN:15,(anonymous_3)
FN:19,(anonymous_4)
FN:23,(anonymous_5)
FNF:6
FNH:0
FNDA:0,(anonymous_0)
FNDA:0,(anonymous_1)
FNDA:0,(anonymous_2)
FNDA:0,(anonymous_3)
FNDA:0,(anonymous_4)
FNDA:0,(anonymous_5)
DA:3,2
DA:4,0
DA:7,2
DA:8,0
DA:11,2
DA:12,0
DA:15,2
DA:16,0
DA:19,2
DA:20,0
DA:23,2
DA:24,0
LF:12
LH:6
BRF:0
BRH:0
end_of_record
TN:
SF:/Users/bprajapati/workspace/react-redux-node-auth-starter/client/src/components/AuthRoute/AuthRoute.jsx
FN:7,(anonymous_0)
FN:10,(anonymous_1)
FN:14,mapStateToProps
FNF:3
FNH:0
FNDA:0,(anonymous_0)
FNDA:0,(anonymous_1)
FNDA:0,mapStateToProps
DA:7,1
DA:8,0
DA:10,0
DA:15,0
DA:20,1
DA:25,1
LF:6
LH:3
BRDA:10,0,0,0
BRDA:10,0,1,0
BRF:2
BRH:0
end_of_record
TN:
SF:/Users/bprajapati/workspace/react-redux-node-auth-starter/client/src/components/Dashboard/Dashboard.jsx
FN:10,(anonymous_0)
FN:26,(anonymous_1)
FN:32,(anonymous_2)
FNF:3
FNH:0
FNDA:0,(anonymous_0)
FNDA:0,(anonymous_1)
FNDA:0,(anonymous_2)
DA:11,0
DA:22,1
DA:26,1
DA:27,0
DA:32,1
DA:33,0
DA:38,1
LF:7
LH:4
BRF:0
BRH:0
end_of_record
TN:
SF:/Users/bprajapati/workspace/react-redux-node-auth-starter/client/src/components/SignInPage/SignInPage.jsx
FN:10,(anonymous_0)
FN:17,(anonymous_1)
FN:40,(anonymous_2)
FN:46,(anonymous_3)
FNF:4
FNH:0
FNDA:0,(anonymous_0)
FNDA:0,(anonymous_1)
FNDA:0,(anonymous_2)
FNDA:0,(anonymous_3)
DA:11,0
DA:12,0
DA:13,0
DA:18,0
DA:29,1
DA:35,1
DA:40,1
DA:41,0
DA:46,1
DA:47,0
DA:52,1
LF:11
LH:5
BRDA:12,0,0,0
BRDA:12,0,1,0
BRF:2
BRH:0
end_of_record
TN:
SF:/Users/bprajapati/workspace/react-redux-node-auth-starter/client/src/reducers/index.js
FN:2,_interopRequireDefault
FNF:1
FNH:0
FNDA:0,_interopRequireDefault
DA:1,0
DA:2,0
LF:2
LH:0
BRDA:2,0,0,0
BRDA:2,0,1,0
BRDA:2,1,0,0
BRDA:2,1,1,0
BRF:4
BRH:0
end_of_record
TN:
SF:/Users/bprajapati/workspace/react-redux-node-auth-starter/client/src/reducers/page.js
FN:3,(anonymous_0)
FNF:1
FNH:0
FNDA:0,(anonymous_0)
DA:1,0
DA:4,0
DA:6,0
DA:8,0
DA:10,0
DA:12,0
DA:14,0
DA:16,0
DA:18,0
LF:9
LH:0
BRDA:3,0,0,0
BRDA:4,1,0,0
BRDA:4,1,1,0
BRDA:4,1,2,0
BRDA:4,1,3,0
BRDA:4,1,4,0
BRDA:4,1,5,0
BRDA:4,1,6,0
BRF:8
BRH:0
end_of_record
TN:
SF:/Users/bprajapati/workspace/react-redux-node-auth-starter/client/src/utils/constants.js
FNF:0
FNH:0
DA:1,2
DA:2,2
DA:3,2
DA:4,2
DA:5,2
DA:6,2
LF:6
LH:6
BRF:0
BRH:0
end_of_record
